Arguments: 
  /usr/bin/node /home/nnyn/npm/bin/yarn add @action/core

PATH: 
  /home/nnyn/dotfiles/bin/linux:/home/nnyn/dotfiles/bin:/home/nnyn/go/bin:/home/nnyn/npm/bin:/home/nnyn/google-cloud-sdk/bin:/home/linuxbrew/.linuxbrew/bin:/usr/local/sbin:/home/nnyn/.local/bin:/home/nnyn/bin:usr/local/sbin:/usr/local/bin:/snap/bin://usr/sbin:/usr/bin:/sbin:/bin:/usr/games:/usr/local/games

Yarn version: 
  1.22.4

Node version: 
  12.18.4

Platform: 
  linux x64

Trace: 
  Error: https://registry.yarnpkg.com/@action%2fcore: Not found
      at Request.params.callback [as _callback] (/home/nnyn/npm/lib/node_modules/yarn/lib/cli.js:66987:18)
      at Request.self.callback (/home/nnyn/npm/lib/node_modules/yarn/lib/cli.js:140748:22)
      at Request.emit (events.js:315:20)
      at Request.<anonymous> (/home/nnyn/npm/lib/node_modules/yarn/lib/cli.js:141720:10)
      at Request.emit (events.js:315:20)
      at IncomingMessage.<anonymous> (/home/nnyn/npm/lib/node_modules/yarn/lib/cli.js:141642:12)
      at Object.onceWrapper (events.js:421:28)
      at IncomingMessage.emit (events.js:327:22)
      at endReadableNT (_stream_readable.js:1220:12)
      at processTicksAndRejections (internal/process/task_queues.js:84:21)

npm manifest: 
  {
    "name": "workflow-permission-action",
    "version": "1.0.0",
    "description": "",
    "main": "index.js",
    "scripts": {
      "test": "echo \"Error: no test specified\" && exit 1"
    },
    "repository": {
      "type": "git",
      "url": "git+https://github.com/74th/workflow-permission-action.git"
    },
    "keywords": [],
    "author": "",
    "license": "ISC",
    "bugs": {
      "url": "https://github.com/74th/workflow-permission-action/issues"
    },
    "homepage": "https://github.com/74th/workflow-permission-action#readme",
    "devDependencies": {
      "typescript": "^4.0.3"
    }
  }

yarn manifest: 
  No manifest

Lockfile: 
  # THIS IS AN AUTOGENERATED FILE. DO NOT EDIT THIS FILE DIRECTLY.
  # yarn lockfile v1
  
  
  typescript@^4.0.3:
    version "4.0.3"
    resolved "https://registry.yarnpkg.com/typescript/-/typescript-4.0.3.tgz#153bbd468ef07725c1df9c77e8b453f8d36abba5"
    integrity sha512-tEu6DGxGgRJPb/mVPIZ48e69xCn2yRmCgYmDugAVwmJ6o+0u1RI18eO7E7WBTLYLaEVVOhwQmcdhQHweux/WPg==
